  ProjectOOP4_String-Library.cpp
C:\Users\Mohamed Abusdra\سطح المكتب\Coding\Program Advice\10-OOP As Shoud Be (Concepts)\Projects\ProjectOOP4_String-Library\ProjectOOP4_String-Library\clsString.h(50,21): warning C4018: '<': signed/unsigned mismatch
C:\Users\Mohamed Abusdra\سطح المكتب\Coding\Program Advice\10-OOP As Shoud Be (Concepts)\Projects\ProjectOOP4_String-Library\ProjectOOP4_String-Library\clsString.h(62,21): warning C4018: '<': signed/unsigned mismatch
C:\Users\Mohamed Abusdra\سطح المكتب\Coding\Program Advice\10-OOP As Shoud Be (Concepts)\Projects\ProjectOOP4_String-Library\ProjectOOP4_String-Library\clsString.h(75,21): warning C4018: '<': signed/unsigned mismatch
C:\Users\Mohamed Abusdra\سطح المكتب\Coding\Program Advice\10-OOP As Shoud Be (Concepts)\Projects\ProjectOOP4_String-Library\ProjectOOP4_String-Library\clsString.h(87,21): warning C4018: '<': signed/unsigned mismatch
C:\Users\Mohamed Abusdra\سطح المكتب\Coding\Program Advice\10-OOP As Shoud Be (Concepts)\Projects\ProjectOOP4_String-Library\ProjectOOP4_String-Library\clsString.h(88,21): warning C4390: ';': empty controlled statement found; is this the intent?
C:\Users\Mohamed Abusdra\سطح المكتب\Coding\Program Advice\10-OOP As Shoud Be (Concepts)\Projects\ProjectOOP4_String-Library\ProjectOOP4_String-Library\clsString.h(98,21): warning C4018: '<': signed/unsigned mismatch
C:\Users\Mohamed Abusdra\سطح المكتب\Coding\Program Advice\10-OOP As Shoud Be (Concepts)\Projects\ProjectOOP4_String-Library\ProjectOOP4_String-Library\clsString.h(99,21): warning C4390: ';': empty controlled statement found; is this the intent?
C:\Users\Mohamed Abusdra\سطح المكتب\Coding\Program Advice\10-OOP As Shoud Be (Concepts)\Projects\ProjectOOP4_String-Library\ProjectOOP4_String-Library\clsString.h(115,21): warning C4018: '<': signed/unsigned mismatch
C:\Users\Mohamed Abusdra\سطح المكتب\Coding\Program Advice\10-OOP As Shoud Be (Concepts)\Projects\ProjectOOP4_String-Library\ProjectOOP4_String-Library\clsString.h(128,22): warning C4018: '<': signed/unsigned mismatch
C:\Users\Mohamed Abusdra\سطح المكتب\Coding\Program Advice\10-OOP As Shoud Be (Concepts)\Projects\ProjectOOP4_String-Library\ProjectOOP4_String-Library\clsString.h(136,23): warning C4018: '<': signed/unsigned mismatch
C:\Users\Mohamed Abusdra\سطح المكتب\Coding\Program Advice\10-OOP As Shoud Be (Concepts)\Projects\ProjectOOP4_String-Library\ProjectOOP4_String-Library\clsString.h(142,23): warning C4018: '<': signed/unsigned mismatch
C:\Users\Mohamed Abusdra\سطح المكتب\Coding\Program Advice\10-OOP As Shoud Be (Concepts)\Projects\ProjectOOP4_String-Library\ProjectOOP4_String-Library\clsString.h(155,21): warning C4018: '<=': signed/unsigned mismatch
C:\Users\Mohamed Abusdra\سطح المكتب\Coding\Program Advice\10-OOP As Shoud Be (Concepts)\Projects\ProjectOOP4_String-Library\ProjectOOP4_String-Library\clsString.h(177,21): warning C4018: '<': signed/unsigned mismatch
C:\Users\Mohamed Abusdra\سطح المكتب\Coding\Program Advice\10-OOP As Shoud Be (Concepts)\Projects\ProjectOOP4_String-Library\ProjectOOP4_String-Library\clsString.h(187,21): warning C4018: '<': signed/unsigned mismatch
C:\Users\Mohamed Abusdra\سطح المكتب\Coding\Program Advice\10-OOP As Shoud Be (Concepts)\Projects\ProjectOOP4_String-Library\ProjectOOP4_String-Library\clsString.h(197,21): warning C4018: '<': signed/unsigned mismatch
C:\Users\Mohamed Abusdra\سطح المكتب\Coding\Program Advice\10-OOP As Shoud Be (Concepts)\Projects\ProjectOOP4_String-Library\ProjectOOP4_String-Library\clsString.h(228,21): warning C4018: '<': signed/unsigned mismatch
C:\Users\Mohamed Abusdra\سطح المكتب\Coding\Program Advice\10-OOP As Shoud Be (Concepts)\Projects\ProjectOOP4_String-Library\ProjectOOP4_String-Library\clsString.h(283,21): warning C4018: '<': signed/unsigned mismatch
C:\Users\Mohamed Abusdra\سطح المكتب\Coding\Program Advice\10-OOP As Shoud Be (Concepts)\Projects\ProjectOOP4_String-Library\ProjectOOP4_String-Library\clsString.h(288,15): warning C4018: '<': signed/unsigned mismatch
C:\Users\Mohamed Abusdra\سطح المكتب\Coding\Program Advice\10-OOP As Shoud Be (Concepts)\Projects\ProjectOOP4_String-Library\ProjectOOP4_String-Library\clsString.h(309,21): warning C4018: '<': signed/unsigned mismatch
  ProjectOOP4_String-Library.vcxproj -> C:\Users\Mohamed Abusdra\سطح المكتب\Coding\Program Advice\10-OOP As Shoud Be (Concepts)\Projects\ProjectOOP4_String-Library\Debug\ProjectOOP4_String-Library.exe
